<?xml version="1.0" encoding="UTF-8"?>
<!-- Generated by org.testng.reporters.JUnitReportReporter -->
<testsuite hostname="sree" failures="0" tests="5" name="com.wipro.testcases.TC01" time="20.248" errors="0" timestamp="2020-03-27T17:05:47 IST" skipped="0">
  <testcase classname="com.wipro.testcases.TC01" name="myaccount" time="4.341"/>
  <system-out/>
  <testcase classname="com.wipro.testcases.TC01" name="register" time="1.342"/>
  <system-out/>
  <testcase classname="com.wipro.testcases.TC01" name="check" time="0.095"/>
  <system-out/>
  <testcase classname="com.wipro.testcases.TC01" name="cont" time="4.469"/>
  <system-out/>
  <testcase classname="com.wipro.testcases.TC01" name="screenshot01" time="10.001"/>
  <system-out/>
</testsuite> <!-- com.wipro.testcases.TC01 -->
