<?xml version="1.0" encoding="UTF-8"?>
<!-- Generated by org.testng.reporters.JUnitReportReporter -->
<testsuite hostname="sree" failures="0" tests="6" name="com.wipro.testcases.TC02" time="23.870" errors="0" timestamp="2020-03-27T17:41:11 IST" skipped="0">
  <testcase classname="com.wipro.testcases.TC02" name="myaccount_1" time="3.407"/>
  <system-out/>
  <testcase classname="com.wipro.testcases.TC02" name="log_in" time="4.753"/>
  <system-out/>
  <testcase classname="com.wipro.testcases.TC02" name="screenshot02" time="0.898"/>
  <system-out/>
  <testcase classname="com.wipro.testcases.TC02" name="edit_account" time="6.505"/>
  <system-out/>
  <testcase classname="com.wipro.testcases.TC02" name="screenshot03" time="1.404"/>
  <system-out/>
  <testcase classname="com.wipro.testcases.TC02" name="log_out" time="6.903"/>
  <system-out/>
</testsuite> <!-- com.wipro.testcases.TC02 -->
