<?xml version="1.0" encoding="UTF-8"?>
<!-- Generated by org.testng.reporters.JUnitReportReporter -->
<testsuite hostname="sree" failures="0" tests="6" name="com.wipro.testcases.TC04" time="29.752" errors="0" timestamp="2020-03-27T17:43:13 IST" skipped="0">
  <testcase classname="com.wipro.testcases.TC04" name="myaccount_1" time="2.762"/>
  <system-out/>
  <testcase classname="com.wipro.testcases.TC04" name="log_in" time="4.112"/>
  <system-out/>
  <testcase classname="com.wipro.testcases.TC04" name="screenshot02" time="0.454"/>
  <system-out/>
  <testcase classname="com.wipro.testcases.TC04" name="count_links" time="0.687"/>
  <system-out/>
  <testcase classname="com.wipro.testcases.TC04" name="screenshot07" time="15.033"/>
  <system-out/>
  <testcase classname="com.wipro.testcases.TC04" name="log_out2" time="6.704"/>
  <system-out/>
</testsuite> <!-- com.wipro.testcases.TC04 -->
