<?xml version="1.0" encoding="UTF-8"?>
<!-- Generated by org.testng.reporters.JUnitReportReporter -->
<testsuite hostname="sree" failures="0" tests="6" name="com.wipro.testcases.TC03" time="18.655" errors="0" timestamp="2020-03-27T17:42:02 IST" skipped="0">
  <testcase classname="com.wipro.testcases.TC03" name="myaccount_1" time="2.571"/>
  <system-out/>
  <testcase classname="com.wipro.testcases.TC03" name="log_in" time="3.833"/>
  <system-out/>
  <testcase classname="com.wipro.testcases.TC03" name="screenshot02" time="0.555"/>
  <system-out/>
  <testcase classname="com.wipro.testcases.TC03" name="components_menu" time="4.103"/>
  <system-out/>
  <testcase classname="com.wipro.testcases.TC03" name="fetch_name" time="0.082"/>
  <system-out/>
  <testcase classname="com.wipro.testcases.TC03" name="log_out1" time="7.511"/>
  <system-out/>
</testsuite> <!-- com.wipro.testcases.TC03 -->
