<?xml version="1.0" encoding="UTF-8"?>
<!-- Generated by org.testng.reporters.JUnitReportReporter -->
<testsuite hostname="sree" failures="0" tests="6" name="com.wipro.testcases.TC05" time="51.283" errors="0" timestamp="2020-03-27T17:44:40 IST" skipped="0">
  <testcase classname="com.wipro.testcases.TC05" name="myaccount_1" time="2.879"/>
  <system-out/>
  <testcase classname="com.wipro.testcases.TC05" name="log_in" time="4.739"/>
  <system-out/>
  <testcase classname="com.wipro.testcases.TC05" name="screenshot15" time="0.421"/>
  <system-out/>
  <testcase classname="com.wipro.testcases.TC05" name="your_store" time="4.479"/>
  <system-out/>
  <testcase classname="com.wipro.testcases.TC05" name="fav_brand" time="32.578"/>
  <system-out/>
  <testcase classname="com.wipro.testcases.TC05" name="log_out3" time="6.187"/>
  <system-out/>
</testsuite> <!-- com.wipro.testcases.TC05 -->
